d:\shubham_workspace\cagd+qt\waterpath\waterpath_flow\visualizer\x64\debug\moc_visualizer.obj
d:\shubham_workspace\cagd+qt\waterpath\waterpath_flow\visualizer\x64\debug\qrc_visualizer.obj
d:\shubham_workspace\cagd+qt\waterpath\waterpath_flow\visualizer\x64\debug\moc_openglwindow.obj
d:\shubham_workspace\cagd+qt\waterpath\waterpath_flow\visualizer\x64\debug\vc143.pdb
d:\shubham_workspace\cagd+qt\waterpath\waterpath_flow\x64\debug\visualizer.exe
d:\shubham_workspace\cagd+qt\waterpath\waterpath_flow\x64\debug\visualizer.pdb
d:\shubham_workspace\cagd+qt\waterpath\waterpath_flow\visualizer\x64\debug\moc\moc_visualizer.cpp
d:\shubham_workspace\cagd+qt\waterpath\waterpath_flow\visualizer\x64\debug\moc\moc_openglwindow.cpp
d:\shubham_workspace\cagd+qt\waterpath\waterpath_flow\visualizer\x64\debug\rcc\qrc_visualizer.cpp
d:\om_workspace\waterflow_pathgenerator\visualizer\x64\debug\rcc\qrc_visualizer.cpp
d:\om_workspace\waterflow_pathgenerator\visualizer\x64\debug\moc\moc_visualizer.cpp
d:\om_workspace\waterflow_pathgenerator\visualizer\x64\debug\moc\moc_openglwindow.cpp
d:\om_workspace\waterpath_project\waterpath_flow\visualizer\x64\debug\rcc\qrc_visualizer.cpp
d:\om_workspace\waterpath_project\waterpath_flow\visualizer\x64\debug\moc\moc_visualizer.cpp
d:\om_workspace\waterpath_project\waterpath_flow\visualizer\x64\debug\moc\moc_openglwindow.cpp
d:\shubham_workspace\cagd+qt\waterpath\waterpath_flow\x64\debug\visualizer.ilk
d:\shubham_workspace\cagd+qt\waterpath\waterpath_flow\visualizer\x64\debug\findpath.obj
d:\shubham_workspace\cagd+qt\waterpath\waterpath_flow\visualizer\x64\debug\highestpoint.obj
d:\shubham_workspace\cagd+qt\waterpath\waterpath_flow\visualizer\x64\debug\main.obj
d:\shubham_workspace\cagd+qt\waterpath\waterpath_flow\visualizer\x64\debug\mathutility.obj
d:\shubham_workspace\cagd+qt\waterpath\waterpath_flow\visualizer\x64\debug\openglwindow.obj
d:\shubham_workspace\cagd+qt\waterpath\waterpath_flow\visualizer\x64\debug\point3d.obj
d:\shubham_workspace\cagd+qt\waterpath\waterpath_flow\visualizer\x64\debug\reader.obj
d:\shubham_workspace\cagd+qt\waterpath\waterpath_flow\visualizer\x64\debug\stlwriter.obj
d:\shubham_workspace\cagd+qt\waterpath\waterpath_flow\visualizer\x64\debug\triangle.obj
d:\shubham_workspace\cagd+qt\waterpath\waterpath_flow\visualizer\x64\debug\triangulation.obj
d:\shubham_workspace\cagd+qt\waterpath\waterpath_flow\visualizer\x64\debug\visualizer.obj
d:\shubham_workspace\cagd+qt\waterpath\waterpath_flow\visualizer\x64\debug\waterpath.obj
d:\shubham_workspace\cagd+qt\waterpath\waterpath_flow\visualizer\x64\debug\visualizer.tlog\cl.command.1.tlog
d:\shubham_workspace\cagd+qt\waterpath\waterpath_flow\visualizer\x64\debug\visualizer.tlog\cl.items.tlog
d:\shubham_workspace\cagd+qt\waterpath\waterpath_flow\visualizer\x64\debug\visualizer.tlog\cl.read.1.tlog
d:\shubham_workspace\cagd+qt\waterpath\waterpath_flow\visualizer\x64\debug\visualizer.tlog\cl.write.1.tlog
d:\shubham_workspace\cagd+qt\waterpath\waterpath_flow\visualizer\x64\debug\visualizer.tlog\link.command.1.tlog
d:\shubham_workspace\cagd+qt\waterpath\waterpath_flow\visualizer\x64\debug\visualizer.tlog\link.read.1.tlog
d:\shubham_workspace\cagd+qt\waterpath\waterpath_flow\visualizer\x64\debug\visualizer.tlog\link.secondary.1.tlog
d:\shubham_workspace\cagd+qt\waterpath\waterpath_flow\visualizer\x64\debug\visualizer.tlog\link.write.1.tlog
d:\shubham_workspace\cagd+qt\waterpath\waterpath_flow\visualizer\x64\debug\visualizer.tlog\moc.read.1u.tlog
d:\shubham_workspace\cagd+qt\waterpath\waterpath_flow\visualizer\x64\debug\visualizer.tlog\moc.write.1u.tlog
d:\shubham_workspace\cagd+qt\waterpath\waterpath_flow\visualizer\x64\debug\visualizer.tlog\rcc.read.1u.tlog
d:\shubham_workspace\cagd+qt\waterpath\waterpath_flow\visualizer\x64\debug\visualizer.tlog\rcc.write.1u.tlog
d:\shubham_workspace\cagd+qt\waterpath\waterpath_flow\visualizer\x64\debug\visualizer.tlog\visualizer.write.1u.tlog
